<?xml version="1.0" encoding="UTF-8"?>
<coverage generated="1690218928107" clover="3.2.0">
  <project timestamp="1690218928108" name="All files">
    <metrics statements="32" coveredstatements="29" conditionals="10" coveredconditionals="10" methods="14" coveredmethods="9" elements="56" coveredelements="48" complexity="0" loc="32" ncloc="32" packages="1" files="1" classes="1"/>
    <file name="Waiterorder.tsx" path="C:\Users\danis\OneDrive\Escritorio\Laboratoria\Burger-Queen-API-Client\Burger-Queen\src\components\waiterorder\Waiterorder.tsx">
      <metrics statements="32" coveredstatements="29" conditionals="10" coveredconditionals="10" methods="14" coveredmethods="9"/>
      <line num="2" count="1" type="stmt"/>
      <line num="3" count="1" type="stmt"/>
      <line num="4" count="1" type="stmt"/>
      <line num="5" count="1" type="stmt"/>
      <line num="6" count="1" type="stmt"/>
      <line num="7" count="1" type="stmt"/>
      <line num="8" count="1" type="stmt"/>
      <line num="10" count="1" type="stmt"/>
      <line num="12" count="12" type="stmt"/>
      <line num="14" count="12" type="stmt"/>
      <line num="15" count="12" type="stmt"/>
      <line num="17" count="12" type="stmt"/>
      <line num="18" count="0" type="stmt"/>
      <line num="19" count="0" type="stmt"/>
      <line num="23" count="12" type="stmt"/>
      <line num="24" count="2" type="stmt"/>
      <line num="25" count="2" type="stmt"/>
      <line num="26" count="2" type="stmt"/>
      <line num="29" count="12" type="stmt"/>
      <line num="30" count="3" type="stmt"/>
      <line num="32" count="12" type="stmt"/>
      <line num="33" count="1" type="stmt"/>
      <line num="36" count="12" type="stmt"/>
      <line num="37" count="2" type="stmt"/>
      <line num="38" count="2" type="stmt"/>
      <line num="40" count="2" type="stmt"/>
      <line num="41" count="2" type="stmt"/>
      <line num="50" count="12" type="stmt"/>
      <line num="58" count="2" type="cond" truecount="2" falsecount="0"/>
      <line num="59" count="1" type="cond" truecount="2" falsecount="0"/>
      <line num="71" count="0" type="stmt"/>
      <line num="89" count="1" type="stmt"/>
    </file>
  </project>
</coverage>
