{"C:\\Users\\danis\\OneDrive\\Escritorio\\Laboratoria\\Burger-Queen-API-Client\\Burger-Queen\\src\\components\\waiterorder\\Waiterorder.tsx": {"path":"C:\\Users\\danis\\OneDrive\\Escritorio\\Laboratoria\\Burger-Queen-API-Client\\Burger-Queen\\src\\components\\waiterorder\\Waiterorder.tsx","statementMap":{"0":{"start":{"line":2,"column":0},"end":{"line":2,"column":38}},"1":{"start":{"line":3,"column":0},"end":{"line":3,"column":65}},"2":{"start":{"line":4,"column":0},"end":{"line":4,"column":56}},"3":{"start":{"line":5,"column":0},"end":{"line":5,"column":46}},"4":{"start":{"line":6,"column":0},"end":{"line":6,"column":38}},"5":{"start":{"line":7,"column":0},"end":{"line":7,"column":52}},"6":{"start":{"line":8,"column":0},"end":{"line":8,"column":48}},"7":{"start":{"line":10,"column":30},"end":{"line":87,"column":1}},"8":{"start":{"line":12,"column":50},"end":{"line":12,"column":73}},"9":{"start":{"line":14,"column":50},"end":{"line":14,"column":78}},"10":{"start":{"line":15,"column":46},"end":{"line":15,"column":70}},"11":{"start":{"line":17,"column":27},"end":{"line":21,"column":3}},"12":{"start":{"line":18,"column":4},"end":{"line":20,"column":6}},"13":{"start":{"line":19,"column":6},"end":{"line":19,"column":69}},"14":{"start":{"line":19,"column":47},"end":{"line":19,"column":68}},"15":{"start":{"line":23,"column":21},"end":{"line":27,"column":3}},"16":{"start":{"line":24,"column":4},"end":{"line":24,"column":37}},"17":{"start":{"line":25,"column":4},"end":{"line":25,"column":28}},"18":{"start":{"line":26,"column":4},"end":{"line":26,"column":18}},"19":{"start":{"line":29,"column":30},"end":{"line":31,"column":3}},"20":{"start":{"line":30,"column":4},"end":{"line":30,"column":34}},"21":{"start":{"line":32,"column":28},"end":{"line":34,"column":3}},"22":{"start":{"line":33,"column":4},"end":{"line":33,"column":29}},"23":{"start":{"line":36,"column":28},"end":{"line":48,"column":3}},"24":{"start":{"line":37,"column":4},"end":{"line":47,"column":7}},"25":{"start":{"line":38,"column":6},"end":{"line":42,"column":11}},"26":{"start":{"line":40,"column":10},"end":{"line":40,"column":34}},"27":{"start":{"line":41,"column":10},"end":{"line":41,"column":28}},"28":{"start":{"line":50,"column":2},"end":{"line":85,"column":4}},"29":{"start":{"line":58,"column":138},"end":{"line":58,"column":169}},"30":{"start":{"line":59,"column":138},"end":{"line":59,"column":169}},"31":{"start":{"line":71,"column":64},"end":{"line":71,"column":129}},"32":{"start":{"line":71,"column":102},"end":{"line":71,"column":128}},"33":{"start":{"line":89,"column":0},"end":{"line":89,"column":27}}},"fnMap":{"0":{"name":"(anonymous_1)","decl":{"start":{"line":10,"column":30},"end":{"line":10,"column":33}},"loc":{"start":{"line":10,"column":35},"end":{"line":87,"column":1}}},"1":{"name":"(anonymous_2)","decl":{"start":{"line":17,"column":27},"end":{"line":17,"column":28}},"loc":{"start":{"line":17,"column":46},"end":{"line":21,"column":3}}},"2":{"name":"(anonymous_3)","decl":{"start":{"line":18,"column":24},"end":{"line":18,"column":25}},"loc":{"start":{"line":19,"column":6},"end":{"line":19,"column":69}}},"3":{"name":"(anonymous_4)","decl":{"start":{"line":19,"column":34},"end":{"line":19,"column":35}},"loc":{"start":{"line":19,"column":47},"end":{"line":19,"column":68}}},"4":{"name":"(anonymous_5)","decl":{"start":{"line":23,"column":21},"end":{"line":23,"column":22}},"loc":{"start":{"line":23,"column":81},"end":{"line":27,"column":3}}},"5":{"name":"(anonymous_6)","decl":{"start":{"line":29,"column":30},"end":{"line":29,"column":31}},"loc":{"start":{"line":29,"column":51},"end":{"line":31,"column":3}}},"6":{"name":"(anonymous_7)","decl":{"start":{"line":32,"column":28},"end":{"line":32,"column":29}},"loc":{"start":{"line":32,"column":46},"end":{"line":34,"column":3}}},"7":{"name":"(anonymous_8)","decl":{"start":{"line":36,"column":28},"end":{"line":36,"column":29}},"loc":{"start":{"line":36,"column":132},"end":{"line":48,"column":3}}},"8":{"name":"(anonymous_9)","decl":{"start":{"line":37,"column":23},"end":{"line":37,"column":24}},"loc":{"start":{"line":37,"column":35},"end":{"line":47,"column":5}}},"9":{"name":"(anonymous_10)","decl":{"start":{"line":39,"column":14},"end":{"line":39,"column":15}},"loc":{"start":{"line":39,"column":27},"end":{"line":42,"column":9}}},"10":{"name":"(anonymous_11)","decl":{"start":{"line":58,"column":132},"end":{"line":58,"column":135}},"loc":{"start":{"line":58,"column":138},"end":{"line":58,"column":169}}},"11":{"name":"(anonymous_12)","decl":{"start":{"line":59,"column":132},"end":{"line":59,"column":135}},"loc":{"start":{"line":59,"column":138},"end":{"line":59,"column":169}}},"12":{"name":"(anonymous_13)","decl":{"start":{"line":71,"column":51},"end":{"line":71,"column":52}},"loc":{"start":{"line":71,"column":64},"end":{"line":71,"column":129}}},"13":{"name":"(anonymous_14)","decl":{"start":{"line":71,"column":84},"end":{"line":71,"column":85}},"loc":{"start":{"line":71,"column":102},"end":{"line":71,"column":128}}}},"branchMap":{"0":{"loc":{"start":{"line":58,"column":60},"end":{"line":58,"column":119}},"type":"cond-expr","locations":[{"start":{"line":58,"column":94},"end":{"line":58,"column":114}},{"start":{"line":58,"column":117},"end":{"line":58,"column":119}}]},"1":{"loc":{"start":{"line":59,"column":60},"end":{"line":59,"column":119}},"type":"cond-expr","locations":[{"start":{"line":59,"column":94},"end":{"line":59,"column":114}},{"start":{"line":59,"column":117},"end":{"line":59,"column":119}}]},"2":{"loc":{"start":{"line":67,"column":17},"end":{"line":71,"column":133}},"type":"binary-expr","locations":[{"start":{"line":67,"column":17},"end":{"line":67,"column":28}},{"start":{"line":68,"column":32},"end":{"line":71,"column":133}}]},"3":{"loc":{"start":{"line":78,"column":11},"end":{"line":78,"column":167}},"type":"binary-expr","locations":[{"start":{"line":78,"column":11},"end":{"line":78,"column":23}},{"start":{"line":78,"column":27},"end":{"line":78,"column":167}}]},"4":{"loc":{"start":{"line":82,"column":7},"end":{"line":82,"column":72}},"type":"binary-expr","locations":[{"start":{"line":82,"column":7},"end":{"line":82,"column":21}},{"start":{"line":82,"column":25},"end":{"line":82,"column":72}}]}},"s":{"0":1,"1":1,"2":1,"3":1,"4":1,"5":1,"6":1,"7":1,"8":12,"9":12,"10":12,"11":12,"12":0,"13":0,"14":0,"15":12,"16":2,"17":2,"18":2,"19":12,"20":3,"21":12,"22":1,"23":12,"24":2,"25":2,"26":2,"27":2,"28":12,"29":2,"30":1,"31":0,"32":0,"33":1},"f":{"0":12,"1":0,"2":0,"3":0,"4":2,"5":3,"6":1,"7":2,"8":2,"9":2,"10":2,"11":1,"12":0,"13":0},"b":{"0":[11,1],"1":[1,11],"2":[12,12],"3":[12,12],"4":[12,2]}}
}
