{"C:\\Users\\danis\\OneDrive\\Escritorio\\Laboratoria\\Burger-Queen-API-Client\\Burger-Queen\\src\\components\\chefview\\Chefview.tsx": {"path":"C:\\Users\\danis\\OneDrive\\Escritorio\\Laboratoria\\Burger-Queen-API-Client\\Burger-Queen\\src\\components\\chefview\\Chefview.tsx","statementMap":{"0":{"start":{"line":1,"column":0},"end":{"line":1,"column":40}},"1":{"start":{"line":3,"column":0},"end":{"line":3,"column":43}},"2":{"start":{"line":7,"column":0},"end":{"line":7,"column":47}},"3":{"start":{"line":9,"column":0},"end":{"line":9,"column":38}},"4":{"start":{"line":11,"column":27},"end":{"line":37,"column":1}},"5":{"start":{"line":13,"column":30},"end":{"line":13,"column":49}},"6":{"start":{"line":16,"column":25},"end":{"line":18,"column":3}},"7":{"start":{"line":17,"column":4},"end":{"line":17,"column":25}},"8":{"start":{"line":20,"column":2},"end":{"line":36,"column":4}},"9":{"start":{"line":26,"column":103},"end":{"line":26,"column":128}},"10":{"start":{"line":27,"column":105},"end":{"line":27,"column":133}},"11":{"start":{"line":39,"column":0},"end":{"line":39,"column":24}}},"fnMap":{"0":{"name":"(anonymous_1)","decl":{"start":{"line":11,"column":27},"end":{"line":11,"column":30}},"loc":{"start":{"line":11,"column":32},"end":{"line":37,"column":1}}},"1":{"name":"(anonymous_2)","decl":{"start":{"line":16,"column":25},"end":{"line":16,"column":26}},"loc":{"start":{"line":16,"column":47},"end":{"line":18,"column":3}}},"2":{"name":"(anonymous_3)","decl":{"start":{"line":26,"column":97},"end":{"line":26,"column":100}},"loc":{"start":{"line":26,"column":103},"end":{"line":26,"column":128}}},"3":{"name":"(anonymous_4)","decl":{"start":{"line":27,"column":99},"end":{"line":27,"column":102}},"loc":{"start":{"line":27,"column":105},"end":{"line":27,"column":133}}}},"branchMap":{"0":{"loc":{"start":{"line":26,"column":29},"end":{"line":26,"column":86}},"type":"cond-expr","locations":[{"start":{"line":26,"column":51},"end":{"line":26,"column":72}},{"start":{"line":26,"column":73},"end":{"line":26,"column":86}}]},"1":{"loc":{"start":{"line":27,"column":29},"end":{"line":27,"column":89}},"type":"cond-expr","locations":[{"start":{"line":27,"column":54},"end":{"line":27,"column":75}},{"start":{"line":27,"column":76},"end":{"line":27,"column":89}}]}},"s":{"0":1,"1":1,"2":1,"3":1,"4":1,"5":3,"6":3,"7":2,"8":3,"9":1,"10":1,"11":1},"f":{"0":3,"1":2,"2":1,"3":1},"b":{"0":[2,1],"1":[1,2]}}
,"C:\\Users\\danis\\OneDrive\\Escritorio\\Laboratoria\\Burger-Queen-API-Client\\Burger-Queen\\src\\components\\header\\Header.tsx": {"path":"C:\\Users\\danis\\OneDrive\\Escritorio\\Laboratoria\\Burger-Queen-API-Client\\Burger-Queen\\src\\components\\header\\Header.tsx","statementMap":{"0":{"start":{"line":1,"column":0},"end":{"line":1,"column":41}},"1":{"start":{"line":3,"column":0},"end":{"line":3,"column":52}},"2":{"start":{"line":4,"column":0},"end":{"line":4,"column":46}},"3":{"start":{"line":5,"column":0},"end":{"line":5,"column":47}},"4":{"start":{"line":6,"column":0},"end":{"line":6,"column":47}},"5":{"start":{"line":7,"column":0},"end":{"line":7,"column":46}},"6":{"start":{"line":8,"column":0},"end":{"line":8,"column":53}},"7":{"start":{"line":9,"column":0},"end":{"line":9,"column":61}},"8":{"start":{"line":10,"column":0},"end":{"line":10,"column":61}},"9":{"start":{"line":11,"column":0},"end":{"line":11,"column":41}},"10":{"start":{"line":13,"column":24},"end":{"line":69,"column":1}},"11":{"start":{"line":14,"column":19},"end":{"line":14,"column":32}},"12":{"start":{"line":15,"column":2},"end":{"line":68,"column":4}},"13":{"start":{"line":64,"column":25},"end":{"line":64,"column":47}},"14":{"start":{"line":70,"column":0},"end":{"line":70,"column":22}}},"fnMap":{"0":{"name":"(anonymous_1)","decl":{"start":{"line":13,"column":24},"end":{"line":13,"column":27}},"loc":{"start":{"line":13,"column":29},"end":{"line":69,"column":1}}},"1":{"name":"(anonymous_2)","decl":{"start":{"line":64,"column":19},"end":{"line":64,"column":22}},"loc":{"start":{"line":64,"column":25},"end":{"line":64,"column":47}}}},"branchMap":{"0":{"loc":{"start":{"line":28,"column":9},"end":{"line":57,"column":null}},"type":"binary-expr","locations":[{"start":{"line":28,"column":9},"end":{"line":28,"column":50}},{"start":{"line":29,"column":10},"end":{"line":57,"column":null}}]},"1":{"loc":{"start":{"line":30,"column":13},"end":{"line":43,"column":null}},"type":"binary-expr","locations":[{"start":{"line":30,"column":13},"end":{"line":30,"column":56}},{"start":{"line":31,"column":12},"end":{"line":43,"column":null}}]}},"s":{"0":3,"1":3,"2":3,"3":3,"4":3,"5":3,"6":3,"7":3,"8":3,"9":3,"10":3,"11":14,"12":14,"13":1,"14":3},"f":{"0":14,"1":1},"b":{"0":[14,14],"1":[14,1]}}
,"C:\\Users\\danis\\OneDrive\\Escritorio\\Laboratoria\\Burger-Queen-API-Client\\Burger-Queen\\src\\components\\login\\Login.tsx": {"path":"C:\\Users\\danis\\OneDrive\\Escritorio\\Laboratoria\\Burger-Queen-API-Client\\Burger-Queen\\src\\components\\login\\Login.tsx","statementMap":{"0":{"start":{"line":1,"column":0},"end":{"line":1,"column":57}},"1":{"start":{"line":2,"column":0},"end":{"line":2,"column":40}},"2":{"start":{"line":3,"column":0},"end":{"line":3,"column":51}},"3":{"start":{"line":4,"column":0},"end":{"line":4,"column":47}},"4":{"start":{"line":17,"column":24},"end":{"line":99,"column":1}},"5":{"start":{"line":18,"column":26},"end":{"line":18,"column":38}},"6":{"start":{"line":19,"column":34},"end":{"line":19,"column":46}},"7":{"start":{"line":20,"column":28},"end":{"line":20,"column":40}},"8":{"start":{"line":22,"column":19},"end":{"line":22,"column":32}},"9":{"start":{"line":32,"column":22},"end":{"line":58,"column":3}},"10":{"start":{"line":33,"column":4},"end":{"line":33,"column":17}},"11":{"start":{"line":35,"column":4},"end":{"line":57,"column":9}},"12":{"start":{"line":37,"column":30},"end":{"line":37,"column":46}},"13":{"start":{"line":38,"column":8},"end":{"line":38,"column":45}},"14":{"start":{"line":39,"column":25},"end":{"line":39,"column":39}},"15":{"start":{"line":40,"column":8},"end":{"line":40,"column":51}},"16":{"start":{"line":41,"column":8},"end":{"line":41,"column":27}},"17":{"start":{"line":42,"column":8},"end":{"line":42,"column":26}},"18":{"start":{"line":45,"column":8},"end":{"line":45,"column":30}},"19":{"start":{"line":46,"column":8},"end":{"line":52,"column":null}},"20":{"start":{"line":47,"column":10},"end":{"line":47,"column":33}},"21":{"start":{"line":48,"column":15},"end":{"line":52,"column":null}},"22":{"start":{"line":49,"column":10},"end":{"line":49,"column":35}},"23":{"start":{"line":50,"column":15},"end":{"line":52,"column":null}},"24":{"start":{"line":51,"column":10},"end":{"line":51,"column":32}},"25":{"start":{"line":56,"column":8},"end":{"line":56,"column":32}},"26":{"start":{"line":60,"column":2},"end":{"line":98,"column":4}},"27":{"start":{"line":79,"column":33},"end":{"line":79,"column":56}},"28":{"start":{"line":86,"column":33},"end":{"line":86,"column":60}},"29":{"start":{"line":101,"column":0},"end":{"line":101,"column":21}}},"fnMap":{"0":{"name":"(anonymous_1)","decl":{"start":{"line":17,"column":24},"end":{"line":17,"column":27}},"loc":{"start":{"line":17,"column":29},"end":{"line":99,"column":1}}},"1":{"name":"(anonymous_2)","decl":{"start":{"line":32,"column":22},"end":{"line":32,"column":25}},"loc":{"start":{"line":32,"column":27},"end":{"line":58,"column":3}}},"2":{"name":"(anonymous_3)","decl":{"start":{"line":36,"column":12},"end":{"line":36,"column":13}},"loc":{"start":{"line":36,"column":21},"end":{"line":54,"column":7}}},"3":{"name":"(anonymous_4)","decl":{"start":{"line":55,"column":13},"end":{"line":55,"column":14}},"loc":{"start":{"line":55,"column":23},"end":{"line":57,"column":7}}},"4":{"name":"(anonymous_5)","decl":{"start":{"line":79,"column":26},"end":{"line":79,"column":27}},"loc":{"start":{"line":79,"column":33},"end":{"line":79,"column":56}}},"5":{"name":"(anonymous_6)","decl":{"start":{"line":86,"column":26},"end":{"line":86,"column":27}},"loc":{"start":{"line":86,"column":33},"end":{"line":86,"column":60}}}},"branchMap":{"0":{"loc":{"start":{"line":46,"column":8},"end":{"line":52,"column":null}},"type":"if","locations":[{"start":{"line":46,"column":8},"end":{"line":52,"column":null}},{"start":{"line":48,"column":15},"end":{"line":52,"column":null}}]},"1":{"loc":{"start":{"line":48,"column":15},"end":{"line":52,"column":null}},"type":"if","locations":[{"start":{"line":48,"column":15},"end":{"line":52,"column":null}},{"start":{"line":50,"column":15},"end":{"line":52,"column":null}}]},"2":{"loc":{"start":{"line":50,"column":15},"end":{"line":52,"column":null}},"type":"if","locations":[{"start":{"line":50,"column":15},"end":{"line":52,"column":null}}]},"3":{"loc":{"start":{"line":90,"column":13},"end":{"line":90,"column":61}},"type":"binary-expr","locations":[{"start":{"line":90,"column":13},"end":{"line":90,"column":18}},{"start":{"line":90,"column":22},"end":{"line":90,"column":61}}]}},"s":{"0":1,"1":1,"2":1,"3":1,"4":1,"5":15,"6":15,"7":15,"8":15,"9":15,"10":4,"11":4,"12":3,"13":3,"14":3,"15":3,"16":3,"17":3,"18":3,"19":3,"20":1,"21":2,"22":1,"23":1,"24":1,"25":1,"26":15,"27":3,"28":3,"29":1},"f":{"0":15,"1":4,"2":3,"3":1,"4":3,"5":3},"b":{"0":[1,2],"1":[1,1],"2":[1],"3":[15,2]}}
,"C:\\Users\\danis\\OneDrive\\Escritorio\\Laboratoria\\Burger-Queen-API-Client\\Burger-Queen\\src\\components\\ordersummary\\ordersummary.tsx": {"path":"C:\\Users\\danis\\OneDrive\\Escritorio\\Laboratoria\\Burger-Queen-API-Client\\Burger-Queen\\src\\components\\ordersummary\\ordersummary.tsx","statementMap":{"0":{"start":{"line":1,"column":0},"end":{"line":1,"column":59}},"1":{"start":{"line":3,"column":0},"end":{"line":3,"column":42}},"2":{"start":{"line":4,"column":0},"end":{"line":4,"column":48}},"3":{"start":{"line":5,"column":0},"end":{"line":5,"column":57}},"4":{"start":{"line":6,"column":0},"end":{"line":6,"column":47}},"5":{"start":{"line":7,"column":0},"end":{"line":7,"column":55}},"6":{"start":{"line":8,"column":0},"end":{"line":8,"column":53}},"7":{"start":{"line":18,"column":50},"end":{"line":133,"column":1}},"8":{"start":{"line":19,"column":38},"end":{"line":19,"column":77}},"9":{"start":{"line":20,"column":30},"end":{"line":20,"column":50}},"10":{"start":{"line":22,"column":30},"end":{"line":30,"column":3}},"11":{"start":{"line":23,"column":21},"end":{"line":23,"column":22}},"12":{"start":{"line":24,"column":4},"end":{"line":28,"column":7}},"13":{"start":{"line":25,"column":23},"end":{"line":25,"column":47}},"14":{"start":{"line":26,"column":24},"end":{"line":26,"column":45}},"15":{"start":{"line":27,"column":6},"end":{"line":27,"column":30}},"16":{"start":{"line":29,"column":4},"end":{"line":29,"column":33}},"17":{"start":{"line":32,"column":28},"end":{"line":41,"column":3}},"18":{"start":{"line":33,"column":4},"end":{"line":36,"column":null}},"19":{"start":{"line":34,"column":6},"end":{"line":34,"column":50}},"20":{"start":{"line":35,"column":6},"end":{"line":35,"column":13}},"21":{"start":{"line":38,"column":4},"end":{"line":40,"column":7}},"22":{"start":{"line":39,"column":6},"end":{"line":39,"column":28}},"23":{"start":{"line":42,"column":23},"end":{"line":42,"column":51}},"24":{"start":{"line":44,"column":2},"end":{"line":54,"column":25}},"25":{"start":{"line":45,"column":57},"end":{"line":45,"column":59}},"26":{"start":{"line":46,"column":4},"end":{"line":48,"column":7}},"27":{"start":{"line":47,"column":6},"end":{"line":47,"column":60}},"28":{"start":{"line":49,"column":4},"end":{"line":49,"column":37}},"29":{"start":{"line":50,"column":4},"end":{"line":52,"column":null}},"30":{"start":{"line":51,"column":6},"end":{"line":51,"column":73}},"31":{"start":{"line":56,"column":27},"end":{"line":62,"column":3}},"32":{"start":{"line":57,"column":4},"end":{"line":61,"column":7}},"33":{"start":{"line":58,"column":23},"end":{"line":58,"column":50}},"34":{"start":{"line":59,"column":30},"end":{"line":59,"column":61}},"35":{"start":{"line":60,"column":6},"end":{"line":60,"column":62}},"36":{"start":{"line":64,"column":27},"end":{"line":70,"column":3}},"37":{"start":{"line":65,"column":4},"end":{"line":69,"column":7}},"38":{"start":{"line":66,"column":23},"end":{"line":66,"column":50}},"39":{"start":{"line":67,"column":30},"end":{"line":67,"column":42}},"40":{"start":{"line":68,"column":6},"end":{"line":68,"column":62}},"41":{"start":{"line":72,"column":25},"end":{"line":75,"column":3}},"42":{"start":{"line":73,"column":21},"end":{"line":73,"column":45}},"43":{"start":{"line":74,"column":4},"end":{"line":74,"column":46}},"44":{"start":{"line":77,"column":2},"end":{"line":132,"column":4}},"45":{"start":{"line":82,"column":27},"end":{"line":82,"column":52}},"46":{"start":{"line":87,"column":10},"end":{"line":87,"column":43}},"47":{"start":{"line":93,"column":31},"end":{"line":93,"column":56}},"48":{"start":{"line":102,"column":31},"end":{"line":102,"column":56}},"49":{"start":{"line":112,"column":16},"end":{"line":112,"column":38}},"50":{"start":{"line":113,"column":16},"end":{"line":117,"column":19}},"51":{"start":{"line":114,"column":44},"end":{"line":114,"column":65}},"52":{"start":{"line":115,"column":18},"end":{"line":115,"column":52}},"53":{"start":{"line":116,"column":18},"end":{"line":116,"column":43}},"54":{"start":{"line":128,"column":61},"end":{"line":128,"column":83}},"55":{"start":{"line":135,"column":0},"end":{"line":135,"column":28}}},"fnMap":{"0":{"name":"(anonymous_1)","decl":{"start":{"line":18,"column":50},"end":{"line":18,"column":51}},"loc":{"start":{"line":18,"column":113},"end":{"line":133,"column":1}}},"1":{"name":"(anonymous_2)","decl":{"start":{"line":22,"column":30},"end":{"line":22,"column":33}},"loc":{"start":{"line":22,"column":35},"end":{"line":30,"column":3}}},"2":{"name":"(anonymous_3)","decl":{"start":{"line":24,"column":29},"end":{"line":24,"column":30}},"loc":{"start":{"line":24,"column":38},"end":{"line":28,"column":5}}},"3":{"name":"(anonymous_4)","decl":{"start":{"line":32,"column":28},"end":{"line":32,"column":31}},"loc":{"start":{"line":32,"column":33},"end":{"line":41,"column":3}}},"4":{"name":"(anonymous_5)","decl":{"start":{"line":38,"column":59},"end":{"line":38,"column":62}},"loc":{"start":{"line":38,"column":64},"end":{"line":40,"column":5}}},"5":{"name":"(anonymous_6)","decl":{"start":{"line":44,"column":12},"end":{"line":44,"column":15}},"loc":{"start":{"line":44,"column":17},"end":{"line":54,"column":3}}},"6":{"name":"(anonymous_7)","decl":{"start":{"line":46,"column":29},"end":{"line":46,"column":30}},"loc":{"start":{"line":46,"column":38},"end":{"line":48,"column":5}}},"7":{"name":"(anonymous_8)","decl":{"start":{"line":56,"column":27},"end":{"line":56,"column":28}},"loc":{"start":{"line":56,"column":46},"end":{"line":62,"column":3}}},"8":{"name":"(anonymous_9)","decl":{"start":{"line":57,"column":18},"end":{"line":57,"column":19}},"loc":{"start":{"line":57,"column":37},"end":{"line":61,"column":5}}},"9":{"name":"(anonymous_10)","decl":{"start":{"line":64,"column":27},"end":{"line":64,"column":28}},"loc":{"start":{"line":64,"column":46},"end":{"line":70,"column":3}}},"10":{"name":"(anonymous_11)","decl":{"start":{"line":65,"column":18},"end":{"line":65,"column":19}},"loc":{"start":{"line":65,"column":37},"end":{"line":69,"column":5}}},"11":{"name":"(anonymous_12)","decl":{"start":{"line":72,"column":25},"end":{"line":72,"column":26}},"loc":{"start":{"line":72,"column":43},"end":{"line":75,"column":3}}},"12":{"name":"(anonymous_13)","decl":{"start":{"line":82,"column":20},"end":{"line":82,"column":21}},"loc":{"start":{"line":82,"column":27},"end":{"line":82,"column":52}}},"13":{"name":"(anonymous_14)","decl":{"start":{"line":85,"column":30},"end":{"line":85,"column":31}},"loc":{"start":{"line":87,"column":10},"end":{"line":87,"column":43}}},"14":{"name":"(anonymous_15)","decl":{"start":{"line":93,"column":25},"end":{"line":93,"column":28}},"loc":{"start":{"line":93,"column":31},"end":{"line":93,"column":56}}},"15":{"name":"(anonymous_16)","decl":{"start":{"line":102,"column":25},"end":{"line":102,"column":28}},"loc":{"start":{"line":102,"column":31},"end":{"line":102,"column":56}}},"16":{"name":"(anonymous_17)","decl":{"start":{"line":111,"column":23},"end":{"line":111,"column":26}},"loc":{"start":{"line":111,"column":28},"end":{"line":118,"column":15}}},"17":{"name":"(anonymous_18)","decl":{"start":{"line":113,"column":30},"end":{"line":113,"column":31}},"loc":{"start":{"line":113,"column":49},"end":{"line":117,"column":17}}},"18":{"name":"(anonymous_19)","decl":{"start":{"line":128,"column":54},"end":{"line":128,"column":57}},"loc":{"start":{"line":128,"column":59},"end":{"line":128,"column":84}}}},"branchMap":{"0":{"loc":{"start":{"line":25,"column":23},"end":{"line":25,"column":47}},"type":"binary-expr","locations":[{"start":{"line":25,"column":23},"end":{"line":25,"column":42}},{"start":{"line":25,"column":46},"end":{"line":25,"column":47}}]},"1":{"loc":{"start":{"line":33,"column":4},"end":{"line":36,"column":null}},"type":"if","locations":[{"start":{"line":33,"column":4},"end":{"line":36,"column":null}}]},"2":{"loc":{"start":{"line":47,"column":35},"end":{"line":47,"column":59}},"type":"binary-expr","locations":[{"start":{"line":47,"column":35},"end":{"line":47,"column":54}},{"start":{"line":47,"column":58},"end":{"line":47,"column":59}}]},"3":{"loc":{"start":{"line":50,"column":4},"end":{"line":52,"column":null}},"type":"if","locations":[{"start":{"line":50,"column":4},"end":{"line":52,"column":null}}]},"4":{"loc":{"start":{"line":58,"column":23},"end":{"line":58,"column":50}},"type":"binary-expr","locations":[{"start":{"line":58,"column":23},"end":{"line":58,"column":45}},{"start":{"line":58,"column":49},"end":{"line":58,"column":50}}]},"5":{"loc":{"start":{"line":59,"column":30},"end":{"line":59,"column":61}},"type":"cond-expr","locations":[{"start":{"line":59,"column":45},"end":{"line":59,"column":57}},{"start":{"line":59,"column":60},"end":{"line":59,"column":61}}]},"6":{"loc":{"start":{"line":66,"column":23},"end":{"line":66,"column":50}},"type":"binary-expr","locations":[{"start":{"line":66,"column":23},"end":{"line":66,"column":45}},{"start":{"line":66,"column":49},"end":{"line":66,"column":50}}]},"7":{"loc":{"start":{"line":73,"column":21},"end":{"line":73,"column":45}},"type":"binary-expr","locations":[{"start":{"line":73,"column":21},"end":{"line":73,"column":40}},{"start":{"line":73,"column":44},"end":{"line":73,"column":45}}]},"8":{"loc":{"start":{"line":95,"column":88},"end":{"line":95,"column":110}},"type":"binary-expr","locations":[{"start":{"line":95,"column":88},"end":{"line":95,"column":107}},{"start":{"line":95,"column":109},"end":{"line":95,"column":110}}]}},"s":{"0":1,"1":1,"2":1,"3":1,"4":1,"5":1,"6":1,"7":1,"8":15,"9":15,"10":15,"11":15,"12":15,"13":15,"14":15,"15":15,"16":15,"17":15,"18":0,"19":0,"20":0,"21":0,"22":0,"23":15,"24":15,"25":5,"26":5,"27":5,"28":5,"29":5,"30":5,"31":15,"32":1,"33":1,"34":1,"35":1,"36":15,"37":3,"38":3,"39":3,"40":3,"41":15,"42":15,"43":15,"44":15,"45":0,"46":15,"47":1,"48":3,"49":1,"50":1,"51":1,"52":1,"53":1,"54":1,"55":1},"f":{"0":15,"1":15,"2":15,"3":0,"4":0,"5":5,"6":5,"7":1,"8":1,"9":3,"10":3,"11":15,"12":0,"13":15,"14":1,"15":3,"16":1,"17":1,"18":1},"b":{"0":[15,6],"1":[0],"2":[5,5],"3":[5],"4":[1,0],"5":[1,0],"6":[3,0],"7":[15,6],"8":[15,6]}}
,"C:\\Users\\danis\\OneDrive\\Escritorio\\Laboratoria\\Burger-Queen-API-Client\\Burger-Queen\\src\\components\\productCard\\ProductCard.tsx": {"path":"C:\\Users\\danis\\OneDrive\\Escritorio\\Laboratoria\\Burger-Queen-API-Client\\Burger-Queen\\src\\components\\productCard\\ProductCard.tsx","statementMap":{"0":{"start":{"line":1,"column":0},"end":{"line":1,"column":51}},"1":{"start":{"line":2,"column":0},"end":{"line":2,"column":46}},"2":{"start":{"line":3,"column":0},"end":{"line":3,"column":55}},"3":{"start":{"line":20,"column":48},"end":{"line":59,"column":1}},"4":{"start":{"line":21,"column":34},"end":{"line":21,"column":57}},"5":{"start":{"line":22,"column":27},"end":{"line":22,"column":118}},"6":{"start":{"line":22,"column":73},"end":{"line":22,"column":106}},"7":{"start":{"line":24,"column":2},"end":{"line":32,"column":9}},"8":{"start":{"line":25,"column":26},"end":{"line":29,"column":5}},"9":{"start":{"line":26,"column":20},"end":{"line":26,"column":49}},"10":{"start":{"line":27,"column":19},"end":{"line":27,"column":52}},"11":{"start":{"line":28,"column":6},"end":{"line":28,"column":24}},"12":{"start":{"line":31,"column":4},"end":{"line":31,"column":20}},"13":{"start":{"line":34,"column":29},"end":{"line":38,"column":3}},"14":{"start":{"line":35,"column":4},"end":{"line":37,"column":null}},"15":{"start":{"line":35,"column":52},"end":{"line":35,"column":85}},"16":{"start":{"line":36,"column":6},"end":{"line":36,"column":31}},"17":{"start":{"line":40,"column":2},"end":{"line":57,"column":4}},"18":{"start":{"line":43,"column":8},"end":{"line":45,"column":null}},"19":{"start":{"line":46,"column":89},"end":{"line":46,"column":122}},"20":{"start":{"line":47,"column":25},"end":{"line":47,"column":52}},"21":{"start":{"line":61,"column":0},"end":{"line":61,"column":27}}},"fnMap":{"0":{"name":"(anonymous_1)","decl":{"start":{"line":20,"column":48},"end":{"line":20,"column":49}},"loc":{"start":{"line":20,"column":108},"end":{"line":59,"column":1}}},"1":{"name":"(anonymous_2)","decl":{"start":{"line":22,"column":62},"end":{"line":22,"column":69}},"loc":{"start":{"line":22,"column":73},"end":{"line":22,"column":106}}},"2":{"name":"(anonymous_3)","decl":{"start":{"line":24,"column":12},"end":{"line":24,"column":15}},"loc":{"start":{"line":24,"column":17},"end":{"line":32,"column":3}}},"3":{"name":"(anonymous_4)","decl":{"start":{"line":25,"column":26},"end":{"line":25,"column":31}},"loc":{"start":{"line":25,"column":37},"end":{"line":29,"column":5}}},"4":{"name":"(anonymous_5)","decl":{"start":{"line":34,"column":29},"end":{"line":34,"column":30}},"loc":{"start":{"line":34,"column":50},"end":{"line":38,"column":3}}},"5":{"name":"(anonymous_6)","decl":{"start":{"line":35,"column":31},"end":{"line":35,"column":32}},"loc":{"start":{"line":35,"column":52},"end":{"line":35,"column":85}}},"6":{"name":"(anonymous_7)","decl":{"start":{"line":42,"column":28},"end":{"line":42,"column":29}},"loc":{"start":{"line":43,"column":8},"end":{"line":45,"column":null}}},"7":{"name":"(anonymous_8)","decl":{"start":{"line":46,"column":68},"end":{"line":46,"column":69}},"loc":{"start":{"line":46,"column":89},"end":{"line":46,"column":122}}},"8":{"name":"(anonymous_9)","decl":{"start":{"line":47,"column":19},"end":{"line":47,"column":22}},"loc":{"start":{"line":47,"column":25},"end":{"line":47,"column":52}}}},"branchMap":{"0":{"loc":{"start":{"line":22,"column":27},"end":{"line":22,"column":118}},"type":"cond-expr","locations":[{"start":{"line":22,"column":46},"end":{"line":22,"column":107}},{"start":{"line":22,"column":110},"end":{"line":22,"column":118}}]},"1":{"loc":{"start":{"line":27,"column":40},"end":{"line":27,"column":51}},"type":"binary-expr","locations":[{"start":{"line":27,"column":40},"end":{"line":27,"column":45}},{"start":{"line":27,"column":49},"end":{"line":27,"column":51}}]},"2":{"loc":{"start":{"line":35,"column":4},"end":{"line":37,"column":null}},"type":"if","locations":[{"start":{"line":35,"column":4},"end":{"line":37,"column":null}}]},"3":{"loc":{"start":{"line":46,"column":46},"end":{"line":46,"column":146}},"type":"cond-expr","locations":[{"start":{"line":46,"column":126},"end":{"line":46,"column":141}},{"start":{"line":46,"column":144},"end":{"line":46,"column":146}}]}},"s":{"0":1,"1":1,"2":1,"3":1,"4":10,"5":10,"6":1,"7":10,"8":5,"9":5,"10":5,"11":5,"12":5,"13":10,"14":2,"15":1,"16":1,"17":10,"18":5,"19":2,"20":2,"21":1},"f":{"0":10,"1":1,"2":5,"3":5,"4":2,"5":1,"6":5,"7":2,"8":2},"b":{"0":[2,8],"1":[5,5],"2":[1],"3":[2,3]}}
,"C:\\Users\\danis\\OneDrive\\Escritorio\\Laboratoria\\Burger-Queen-API-Client\\Burger-Queen\\src\\components\\waiterorder\\Waiterorder.tsx": {"path":"C:\\Users\\danis\\OneDrive\\Escritorio\\Laboratoria\\Burger-Queen-API-Client\\Burger-Queen\\src\\components\\waiterorder\\Waiterorder.tsx","statementMap":{"0":{"start":{"line":2,"column":0},"end":{"line":2,"column":38}},"1":{"start":{"line":3,"column":0},"end":{"line":3,"column":65}},"2":{"start":{"line":4,"column":0},"end":{"line":4,"column":56}},"3":{"start":{"line":5,"column":0},"end":{"line":5,"column":46}},"4":{"start":{"line":6,"column":0},"end":{"line":6,"column":38}},"5":{"start":{"line":7,"column":0},"end":{"line":7,"column":52}},"6":{"start":{"line":8,"column":0},"end":{"line":8,"column":48}},"7":{"start":{"line":10,"column":30},"end":{"line":87,"column":1}},"8":{"start":{"line":12,"column":50},"end":{"line":12,"column":73}},"9":{"start":{"line":14,"column":50},"end":{"line":14,"column":78}},"10":{"start":{"line":15,"column":46},"end":{"line":15,"column":70}},"11":{"start":{"line":17,"column":27},"end":{"line":21,"column":3}},"12":{"start":{"line":18,"column":4},"end":{"line":20,"column":6}},"13":{"start":{"line":19,"column":6},"end":{"line":19,"column":69}},"14":{"start":{"line":19,"column":47},"end":{"line":19,"column":68}},"15":{"start":{"line":23,"column":21},"end":{"line":27,"column":3}},"16":{"start":{"line":24,"column":4},"end":{"line":24,"column":37}},"17":{"start":{"line":25,"column":4},"end":{"line":25,"column":28}},"18":{"start":{"line":26,"column":4},"end":{"line":26,"column":18}},"19":{"start":{"line":29,"column":30},"end":{"line":31,"column":3}},"20":{"start":{"line":30,"column":4},"end":{"line":30,"column":34}},"21":{"start":{"line":32,"column":28},"end":{"line":34,"column":3}},"22":{"start":{"line":33,"column":4},"end":{"line":33,"column":29}},"23":{"start":{"line":36,"column":28},"end":{"line":48,"column":3}},"24":{"start":{"line":37,"column":4},"end":{"line":47,"column":7}},"25":{"start":{"line":38,"column":6},"end":{"line":42,"column":11}},"26":{"start":{"line":40,"column":10},"end":{"line":40,"column":34}},"27":{"start":{"line":41,"column":10},"end":{"line":41,"column":28}},"28":{"start":{"line":50,"column":2},"end":{"line":85,"column":4}},"29":{"start":{"line":58,"column":138},"end":{"line":58,"column":169}},"30":{"start":{"line":59,"column":138},"end":{"line":59,"column":169}},"31":{"start":{"line":71,"column":64},"end":{"line":71,"column":129}},"32":{"start":{"line":71,"column":102},"end":{"line":71,"column":128}},"33":{"start":{"line":89,"column":0},"end":{"line":89,"column":27}}},"fnMap":{"0":{"name":"(anonymous_1)","decl":{"start":{"line":10,"column":30},"end":{"line":10,"column":33}},"loc":{"start":{"line":10,"column":35},"end":{"line":87,"column":1}}},"1":{"name":"(anonymous_2)","decl":{"start":{"line":17,"column":27},"end":{"line":17,"column":28}},"loc":{"start":{"line":17,"column":46},"end":{"line":21,"column":3}}},"2":{"name":"(anonymous_3)","decl":{"start":{"line":18,"column":24},"end":{"line":18,"column":25}},"loc":{"start":{"line":19,"column":6},"end":{"line":19,"column":69}}},"3":{"name":"(anonymous_4)","decl":{"start":{"line":19,"column":34},"end":{"line":19,"column":35}},"loc":{"start":{"line":19,"column":47},"end":{"line":19,"column":68}}},"4":{"name":"(anonymous_5)","decl":{"start":{"line":23,"column":21},"end":{"line":23,"column":22}},"loc":{"start":{"line":23,"column":81},"end":{"line":27,"column":3}}},"5":{"name":"(anonymous_6)","decl":{"start":{"line":29,"column":30},"end":{"line":29,"column":31}},"loc":{"start":{"line":29,"column":51},"end":{"line":31,"column":3}}},"6":{"name":"(anonymous_7)","decl":{"start":{"line":32,"column":28},"end":{"line":32,"column":29}},"loc":{"start":{"line":32,"column":46},"end":{"line":34,"column":3}}},"7":{"name":"(anonymous_8)","decl":{"start":{"line":36,"column":28},"end":{"line":36,"column":29}},"loc":{"start":{"line":36,"column":132},"end":{"line":48,"column":3}}},"8":{"name":"(anonymous_9)","decl":{"start":{"line":37,"column":23},"end":{"line":37,"column":24}},"loc":{"start":{"line":37,"column":35},"end":{"line":47,"column":5}}},"9":{"name":"(anonymous_10)","decl":{"start":{"line":39,"column":14},"end":{"line":39,"column":15}},"loc":{"start":{"line":39,"column":27},"end":{"line":42,"column":9}}},"10":{"name":"(anonymous_11)","decl":{"start":{"line":58,"column":132},"end":{"line":58,"column":135}},"loc":{"start":{"line":58,"column":138},"end":{"line":58,"column":169}}},"11":{"name":"(anonymous_12)","decl":{"start":{"line":59,"column":132},"end":{"line":59,"column":135}},"loc":{"start":{"line":59,"column":138},"end":{"line":59,"column":169}}},"12":{"name":"(anonymous_13)","decl":{"start":{"line":71,"column":51},"end":{"line":71,"column":52}},"loc":{"start":{"line":71,"column":64},"end":{"line":71,"column":129}}},"13":{"name":"(anonymous_14)","decl":{"start":{"line":71,"column":84},"end":{"line":71,"column":85}},"loc":{"start":{"line":71,"column":102},"end":{"line":71,"column":128}}}},"branchMap":{"0":{"loc":{"start":{"line":58,"column":60},"end":{"line":58,"column":119}},"type":"cond-expr","locations":[{"start":{"line":58,"column":94},"end":{"line":58,"column":114}},{"start":{"line":58,"column":117},"end":{"line":58,"column":119}}]},"1":{"loc":{"start":{"line":59,"column":60},"end":{"line":59,"column":119}},"type":"cond-expr","locations":[{"start":{"line":59,"column":94},"end":{"line":59,"column":114}},{"start":{"line":59,"column":117},"end":{"line":59,"column":119}}]},"2":{"loc":{"start":{"line":67,"column":17},"end":{"line":71,"column":133}},"type":"binary-expr","locations":[{"start":{"line":67,"column":17},"end":{"line":67,"column":28}},{"start":{"line":68,"column":32},"end":{"line":71,"column":133}}]},"3":{"loc":{"start":{"line":78,"column":11},"end":{"line":78,"column":167}},"type":"binary-expr","locations":[{"start":{"line":78,"column":11},"end":{"line":78,"column":23}},{"start":{"line":78,"column":27},"end":{"line":78,"column":167}}]},"4":{"loc":{"start":{"line":82,"column":7},"end":{"line":82,"column":72}},"type":"binary-expr","locations":[{"start":{"line":82,"column":7},"end":{"line":82,"column":21}},{"start":{"line":82,"column":25},"end":{"line":82,"column":72}}]}},"s":{"0":1,"1":1,"2":1,"3":1,"4":1,"5":1,"6":1,"7":1,"8":10,"9":10,"10":10,"11":10,"12":0,"13":0,"14":0,"15":10,"16":1,"17":1,"18":1,"19":10,"20":2,"21":10,"22":1,"23":10,"24":2,"25":2,"26":2,"27":2,"28":10,"29":1,"30":1,"31":0,"32":0,"33":1},"f":{"0":10,"1":0,"2":0,"3":0,"4":1,"5":2,"6":1,"7":2,"8":2,"9":2,"10":1,"11":1,"12":0,"13":0},"b":{"0":[9,1],"1":[1,9],"2":[10,10],"3":[10,10],"4":[10,2]}}
,"C:\\Users\\danis\\OneDrive\\Escritorio\\Laboratoria\\Burger-Queen-API-Client\\Burger-Queen\\src\\utils\\Logout.tsx": {"path":"C:\\Users\\danis\\OneDrive\\Escritorio\\Laboratoria\\Burger-Queen-API-Client\\Burger-Queen\\src\\utils\\Logout.tsx","statementMap":{"0":{"start":{"line":4,"column":21},"end":{"line":12,"column":1}},"1":{"start":{"line":5,"column":2},"end":{"line":5,"column":35}},"2":{"start":{"line":6,"column":2},"end":{"line":6,"column":38}},"3":{"start":{"line":7,"column":2},"end":{"line":7,"column":24}},"4":{"start":{"line":8,"column":2},"end":{"line":8,"column":16}},"5":{"start":{"line":13,"column":0},"end":{"line":13,"column":29}}},"fnMap":{"0":{"name":"(anonymous_0)","decl":{"start":{"line":4,"column":21},"end":{"line":4,"column":22}},"loc":{"start":{"line":4,"column":52},"end":{"line":12,"column":1}}}},"branchMap":{},"s":{"0":3,"1":2,"2":2,"3":2,"4":2,"5":3},"f":{"0":2},"b":{}}
}
