TN:
SF:src\components\ordersummary\ordersummary.tsx
FN:17,(anonymous_1)
FN:21,(anonymous_2)
FN:23,(anonymous_3)
FN:31,(anonymous_4)
FN:33,(anonymous_5)
FN:40,(anonymous_6)
FN:41,(anonymous_7)
FN:48,(anonymous_8)
FN:49,(anonymous_9)
FN:56,(anonymous_10)
FN:66,(anonymous_11)
FN:68,(anonymous_12)
FN:76,(anonymous_13)
FN:86,(anonymous_14)
FN:95,(anonymous_15)
FN:97,(anonymous_16)
FN:111,(anonymous_17)
FN:112,(anonymous_18)
FN:112,(anonymous_19)
FNF:19
FNH:9
FNDA:3,(anonymous_1)
FNDA:3,(anonymous_2)
FNDA:3,(anonymous_3)
FNDA:1,(anonymous_4)
FNDA:1,(anonymous_5)
FNDA:0,(anonymous_6)
FNDA:0,(anonymous_7)
FNDA:0,(anonymous_8)
FNDA:0,(anonymous_9)
FNDA:3,(anonymous_10)
FNDA:0,(anonymous_11)
FNDA:3,(anonymous_12)
FNDA:0,(anonymous_13)
FNDA:0,(anonymous_14)
FNDA:1,(anonymous_15)
FNDA:1,(anonymous_16)
FNDA:0,(anonymous_17)
FNDA:0,(anonymous_18)
FNDA:0,(anonymous_19)
DA:1,1
DA:3,1
DA:4,1
DA:5,1
DA:6,1
DA:7,1
DA:8,1
DA:9,1
DA:17,1
DA:18,3
DA:19,3
DA:21,3
DA:22,3
DA:23,3
DA:24,3
DA:25,3
DA:26,3
DA:28,3
DA:31,3
DA:32,1
DA:33,1
DA:34,1
DA:36,1
DA:40,3
DA:41,0
DA:42,0
DA:43,0
DA:44,0
DA:48,3
DA:49,0
DA:50,0
DA:51,0
DA:52,0
DA:56,3
DA:57,3
DA:58,3
DA:61,3
DA:66,0
DA:70,3
DA:76,0
DA:86,0
DA:96,1
DA:97,1
DA:98,1
DA:99,1
DA:100,1
DA:111,0
DA:112,0
DA:113,0
DA:120,1
LF:50
LH:36
BRDA:24,0,0,3
BRDA:24,0,1,2
BRDA:34,1,0,1
BRDA:34,1,1,1
BRDA:42,2,0,0
BRDA:42,2,1,0
BRDA:43,3,0,0
BRDA:43,3,1,0
BRDA:50,4,0,0
BRDA:50,4,1,0
BRDA:57,5,0,3
BRDA:57,5,1,2
BRDA:78,6,0,3
BRDA:78,6,1,2
BRF:14
BRH:8
end_of_record
TN:
SF:src\request\request.ts
FN:23,requestget
FN:36,(anonymous_1)
FN:42,(anonymous_2)
FN:48,(anonymous_3)
FN:56,sendOrder
FN:67,(anonymous_5)
FN:73,(anonymous_6)
FN:77,(anonymous_7)
FN:83,(anonymous_8)
FN:99,getOrders
FN:107,(anonymous_10)
FN:113,(anonymous_11)
FN:116,(anonymous_12)
FN:122,updateDataDelivering
FNF:14
FNH:0
FNDA:0,requestget
FNDA:0,(anonymous_1)
FNDA:0,(anonymous_2)
FNDA:0,(anonymous_3)
FNDA:0,sendOrder
FNDA:0,(anonymous_5)
FNDA:0,(anonymous_6)
FNDA:0,(anonymous_7)
FNDA:0,(anonymous_8)
FNDA:0,getOrders
FNDA:0,(anonymous_10)
FNDA:0,(anonymous_11)
FNDA:0,(anonymous_12)
FNDA:0,updateDataDelivering
DA:24,0
DA:29,0
DA:37,0
DA:38,0
DA:40,0
DA:44,0
DA:49,0
DA:50,0
DA:54,1
DA:59,0
DA:68,0
DA:69,0
DA:71,0
DA:75,0
DA:78,0
DA:79,0
DA:83,1
DA:84,0
DA:85,0
DA:91,0
DA:92,0
DA:94,0
DA:95,0
DA:100,0
DA:108,0
DA:109,0
DA:111,0
DA:114,0
DA:117,0
DA:118,0
DA:123,0
DA:124,0
DA:125,0
DA:126,0
DA:127,0
DA:144,1
DA:145,1
DA:146,1
DA:147,1
DA:148,1
LF:40
LH:7
BRDA:37,0,0,0
BRDA:68,1,0,0
BRDA:108,2,0,0
BRF:3
BRH:0
end_of_record
TN:
SF:src\tests\fileMock.ts
FNF:0
FNH:0
DA:1,1
LF:1
LH:1
BRF:0
BRH:0
end_of_record
TN:
SF:src\utils\order.ts
FN:8,createOrder
FN:15,(anonymous_1)
FNF:2
FNH:0
FNDA:0,createOrder
FNDA:0,(anonymous_1)
DA:1,1
DA:9,0
DA:10,0
DA:11,0
DA:12,0
DA:13,0
DA:16,0
DA:25,0
DA:30,1
LF:9
LH:2
BRDA:17,0,0,0
BRDA:17,0,1,0
BRF:2
BRH:0
end_of_record
