TN:
SF:src\components\login\Login.tsx
FN:16,(anonymous_1)
FN:33,(anonymous_2)
FN:37,(anonymous_3)
FN:56,(anonymous_4)
FN:71,(anonymous_5)
FN:73,(anonymous_6)
FNF:6
FNH:6
FNDA:15,(anonymous_1)
FNDA:4,(anonymous_2)
FNDA:3,(anonymous_3)
FNDA:1,(anonymous_4)
FNDA:3,(anonymous_5)
FNDA:3,(anonymous_6)
DA:1,1
DA:2,1
DA:3,1
DA:4,1
DA:5,1
DA:16,1
DA:17,15
DA:18,15
DA:19,15
DA:21,15
DA:33,15
DA:34,4
DA:36,4
DA:38,3
DA:39,3
DA:40,3
DA:41,3
DA:42,3
DA:43,3
DA:46,3
DA:47,3
DA:48,1
DA:49,2
DA:50,1
DA:51,1
DA:52,1
DA:57,1
DA:62,15
DA:71,3
DA:73,3
DA:88,1
LF:31
LH:31
BRDA:47,0,0,1
BRDA:47,0,1,2
BRDA:49,1,0,1
BRDA:49,1,1,1
BRDA:51,2,0,1
BRDA:76,3,0,15
BRDA:76,3,1,2
BRF:7
BRH:7
end_of_record
